"Start of log file."
<<<<<<< HEAD
<<<<<<< HEAD
"D:/Skola/Kandidat/HÄÄÄÄÄÄÄÄÄR/Kandidat-TNM094-3.0/Nått kul/Assets/Prefabs/Models/Fueling/Wall_45.max"
=======
"C:/Users/erika/OneDrive/Dokument/TNM094/KANDID~1.0/NTTKUL~1/Assets/Prefabs/Models/Fueling/Wall_45.max"
>>>>>>> 89f2ef11e964866f2b8d20aba9a90cabed6bf02d
=======
"C:/Users/erika/OneDrive/Dokument/TNM094/KANDID~1.0/NTTKUL~1/Assets/Prefabs/Models/Fueling/Wall_45.max"
>>>>>>> 89f2ef11e964866f2b8d20aba9a90cabed6bf02d
"Starting max loading and fbx conversion"
window = undefined
"Settings units"
"Before fbx export"
"After fbx export"
"Finished max loading and fbx conversion"
<<<<<<< HEAD
<<<<<<< HEAD
"D:/Skola/Kandidat/HÄÄÄÄÄÄÄÄÄR/Kandidat-TNM094-3.0/Nått kul/Assets/Prefabs/Models/Fueling/Bulb.max"
=======
"C:/Users/erika/OneDrive/Dokument/TNM094/KANDID~1.0/NTTKUL~1/Assets/Prefabs/Models/Fueling/Bulb.max"
>>>>>>> 89f2ef11e964866f2b8d20aba9a90cabed6bf02d
=======
"C:/Users/erika/OneDrive/Dokument/TNM094/KANDID~1.0/NTTKUL~1/Assets/Prefabs/Models/Fueling/Bulb.max"
>>>>>>> 89f2ef11e964866f2b8d20aba9a90cabed6bf02d
"Starting max loading and fbx conversion"
window = undefined
"Settings units"
"Before fbx export"
"After fbx export"
"Finished max loading and fbx conversion"
<<<<<<< HEAD
<<<<<<< HEAD
"D:/Skola/Kandidat/HÄÄÄÄÄÄÄÄÄR/Kandidat-TNM094-3.0/Nått kul/Assets/Prefabs/Models/Fueling/Wall_Straight.max"
=======
"C:/Users/erika/OneDrive/Dokument/TNM094/KANDID~1.0/NTTKUL~1/Assets/Prefabs/Models/Fueling/WALL_S~1.MAX"
>>>>>>> 89f2ef11e964866f2b8d20aba9a90cabed6bf02d
=======
"C:/Users/erika/OneDrive/Dokument/TNM094/KANDID~1.0/NTTKUL~1/Assets/Prefabs/Models/Fueling/WALL_S~1.MAX"
>>>>>>> 89f2ef11e964866f2b8d20aba9a90cabed6bf02d
"Starting max loading and fbx conversion"
window = undefined
"Settings units"
"Before fbx export"
"After fbx export"
"Finished max loading and fbx conversion"
<<<<<<< HEAD
<<<<<<< HEAD
"D:/Skola/Kandidat/HÄÄÄÄÄÄÄÄÄR/Kandidat-TNM094-3.0/Nått kul/Assets/Prefabs/Models/Fueling/Pipe.max"
=======
"C:/Users/erika/OneDrive/Dokument/TNM094/KANDID~1.0/NTTKUL~1/Assets/Prefabs/Models/Fueling/Pipe.max"
>>>>>>> 89f2ef11e964866f2b8d20aba9a90cabed6bf02d
=======
"C:/Users/erika/OneDrive/Dokument/TNM094/KANDID~1.0/NTTKUL~1/Assets/Prefabs/Models/Fueling/Pipe.max"
>>>>>>> 89f2ef11e964866f2b8d20aba9a90cabed6bf02d
"Starting max loading and fbx conversion"
window = undefined
"Settings units"
"Before fbx export"
"After fbx export"
"Finished max loading and fbx conversion"
<<<<<<< HEAD
<<<<<<< HEAD
"D:/Skola/Kandidat/HÄÄÄÄÄÄÄÄÄR/Kandidat-TNM094-3.0/Nått kul/Assets/Prefabs/Models/Fueling/Floor.max"
=======
"C:/Users/erika/OneDrive/Dokument/TNM094/KANDID~1.0/NTTKUL~1/Assets/Prefabs/Models/Fueling/Floor.max"
>>>>>>> 89f2ef11e964866f2b8d20aba9a90cabed6bf02d
=======
"C:/Users/erika/OneDrive/Dokument/TNM094/KANDID~1.0/NTTKUL~1/Assets/Prefabs/Models/Fueling/Floor.max"
>>>>>>> 89f2ef11e964866f2b8d20aba9a90cabed6bf02d
"Starting max loading and fbx conversion"
window = undefined
"Settings units"
"Before fbx export"
"After fbx export"
"Finished max loading and fbx conversion"
<<<<<<< HEAD
<<<<<<< HEAD
"D:/Skola/Kandidat/HÄÄÄÄÄÄÄÄÄR/Kandidat-TNM094-3.0/Nått kul/Assets/Prefabs/Models/Fueling/BulbHolder.max"
=======
"C:/Users/erika/OneDrive/Dokument/TNM094/KANDID~1.0/NTTKUL~1/Assets/Prefabs/Models/Fueling/BULBHO~1.MAX"
>>>>>>> 89f2ef11e964866f2b8d20aba9a90cabed6bf02d
=======
"C:/Users/erika/OneDrive/Dokument/TNM094/KANDID~1.0/NTTKUL~1/Assets/Prefabs/Models/Fueling/BULBHO~1.MAX"
>>>>>>> 89f2ef11e964866f2b8d20aba9a90cabed6bf02d
"Starting max loading and fbx conversion"
window = undefined
"Settings units"
"Before fbx export"
"After fbx export"
"Finished max loading and fbx conversion"
<<<<<<< HEAD
<<<<<<< HEAD
"D:/Skola/Kandidat/HÄÄÄÄÄÄÄÄÄR/Kandidat-TNM094-3.0/Nått kul/Assets/Prefabs/Models/Fueling/Robot arm V1.max"
=======
"C:/Users/erika/OneDrive/Dokument/TNM094/KANDID~1.0/NTTKUL~1/Assets/Prefabs/Models/Fueling/ROBOTA~1.MAX"
>>>>>>> 89f2ef11e964866f2b8d20aba9a90cabed6bf02d
=======
"C:/Users/erika/OneDrive/Dokument/TNM094/KANDID~1.0/NTTKUL~1/Assets/Prefabs/Models/Fueling/ROBOTA~1.MAX"
>>>>>>> 89f2ef11e964866f2b8d20aba9a90cabed6bf02d
"Starting max loading and fbx conversion"
window = undefined
"Settings units"
"Before fbx export"
"After fbx export"
"Finished max loading and fbx conversion"
<<<<<<< HEAD
<<<<<<< HEAD
"D:/Skola/Kandidat/HÄÄÄÄÄÄÄÄÄR/Kandidat-TNM094-3.0/Nått kul/Assets/Prefabs/Models/Start/door2.max"
=======
"C:/Users/erika/OneDrive/Dokument/TNM094/KANDID~1.0/NTTKUL~1/Assets/Prefabs/Models/Start/door2.max"
>>>>>>> 89f2ef11e964866f2b8d20aba9a90cabed6bf02d
=======
"C:/Users/erika/OneDrive/Dokument/TNM094/KANDID~1.0/NTTKUL~1/Assets/Prefabs/Models/Start/door2.max"
>>>>>>> 89f2ef11e964866f2b8d20aba9a90cabed6bf02d
"Starting max loading and fbx conversion"
window = undefined
"Settings units"
"Before fbx export"
"After fbx export"
"Finished max loading and fbx conversion"
<<<<<<< HEAD
<<<<<<< HEAD
"D:/Skola/Kandidat/HÄÄÄÄÄÄÄÄÄR/Kandidat-TNM094-3.0/Nått kul/Assets/Prefabs/Models/Fueling/Room.max"
=======
"C:/Users/erika/OneDrive/Dokument/TNM094/KANDID~1.0/NTTKUL~1/Assets/Prefabs/Models/Fueling/Room.max"
>>>>>>> 89f2ef11e964866f2b8d20aba9a90cabed6bf02d
=======
"C:/Users/erika/OneDrive/Dokument/TNM094/KANDID~1.0/NTTKUL~1/Assets/Prefabs/Models/Fueling/Room.max"
>>>>>>> 89f2ef11e964866f2b8d20aba9a90cabed6bf02d
"Starting max loading and fbx conversion"
window = undefined
"Settings units"
"Before fbx export"
"After fbx export"
"Finished max loading and fbx conversion"
<<<<<<< HEAD
<<<<<<< HEAD
"D:/Skola/Kandidat/HÄÄÄÄÄÄÄÄÄR/Kandidat-TNM094-3.0/Nått kul/Assets/Prefabs/Models/Fueling/Fueling_Meter.max"
=======
"C:/Users/erika/OneDrive/Dokument/TNM094/KANDID~1.0/NTTKUL~1/Assets/Prefabs/Models/Fueling/FUELIN~1.MAX"
>>>>>>> 89f2ef11e964866f2b8d20aba9a90cabed6bf02d
=======
"C:/Users/erika/OneDrive/Dokument/TNM094/KANDID~1.0/NTTKUL~1/Assets/Prefabs/Models/Fueling/FUELIN~1.MAX"
>>>>>>> 89f2ef11e964866f2b8d20aba9a90cabed6bf02d
"Starting max loading and fbx conversion"
window = undefined
"Settings units"
"Before fbx export"
"After fbx export"
"Finished max loading and fbx conversion"
